0       0.614618       0.515142       0.489451
0.01       0.614223       0.509878       0.476428
0.02       0.611735       0.494579       0.441736
0.03       0.606751       0.470167       0.390927
0.04       0.599119       0.438376        0.33098
0.05       0.589238       0.401511       0.268882
0.06       0.577677       0.362081       0.210555
0.07       0.564748        0.32215       0.159892
0.08        0.55058       0.283077        0.11848
0.09       0.535243       0.246064      0.0861563
0.1       0.519209       0.212077      0.0618138
0.11       0.503053       0.181501      0.0440438
0.12       0.486749       0.154351      0.0313904
0.13       0.469853       0.130595       0.022499
0.14       0.452264       0.110218      0.0161685
0.15       0.434242      0.0931411      0.0113979
0.16       0.416197       0.079078     0.00757629
0.17       0.398456      0.0675594     0.00453986
0.18       0.381197      0.0581499        0.00236
0.19       0.364433      0.0503591      0.0010785
0.2       0.348019      0.0435526    0.000536612
0.21       0.331884      0.0372089    0.000429771
0.22       0.316176      0.0311075    0.000508955
0.23       0.301134      0.0253495    0.000642972
0.24       0.286839      0.0201668      0.0007155
0.25       0.273131      0.0157963    0.000475573
0.26       0.259952      0.0123805   -0.000299336
0.27       0.247217     0.00986874    -0.00160635
0.28        0.23495     0.00811346    -0.00330981
0.29       0.223261     0.00698214    -0.00521276
0.3         0.2122     0.00643155    -0.00709541
0.31       0.201818      0.0063647    -0.00876556
0.32       0.192052     0.00663708     -0.0099591
0.33       0.182746     0.00717953     -0.0104561
0.34       0.173696     0.00791037     -0.0101433
0.35       0.164865     0.00870428    -0.00903389
0.36       0.156443     0.00940589    -0.00737333
0.37       0.148504     0.00979424    -0.00551295
0.38       0.140967     0.00967263    -0.00380444
0.39       0.133776      0.0090024    -0.00267878
0.4       0.126873     0.00781121    -0.00234433
0.41       0.120213     0.00607824    -0.00257104
0.42         0.1138     0.00385136    -0.00298668
0.43       0.107632     0.00130815    -0.00343819
0.44       0.101731    -0.00135037     -0.0038896
0.45      0.0961724    -0.00387906    -0.00428772
0.46      0.0909743    -0.00607335    -0.00458313
0.47      0.0860789    -0.00783363    -0.00478432
0.48      0.0813924    -0.00916406    -0.00509993
0.49      0.0769129     -0.0101003    -0.00577883
0.5       0.072707     -0.0106063    -0.00679913
0.51      0.0687461     -0.0106764    -0.00789576
0.52      0.0649607      -0.010379    -0.00869899
0.53      0.0613637    -0.00986363    -0.00903101
0.54       0.057972    -0.00928343    -0.00904488
0.55       0.054728    -0.00869443    -0.00894844
0.56      0.0515917    -0.00805402    -0.00880145
0.57      0.0485672     -0.0072815    -0.00841478
0.58      0.0457069    -0.00638432    -0.00734377
0.59      0.0430643    -0.00547926    -0.00524766
0.6      0.0406414    -0.00468327    -0.00224705
0.61      0.0383217    -0.00405655     0.00114039
0.62      0.0359709    -0.00360542     0.00428782
0.63      0.0335998    -0.00331884     0.00667265
0.64      0.0313285    -0.00317659     0.00789829
0.65      0.0291747    -0.00321951     0.00774479
0.66      0.0270621    -0.00347629     0.00637412
0.67      0.0249222    -0.00379474     0.00446889
0.68      0.0227218    -0.00393605     0.00287091
0.69      0.0204991    -0.00373936     0.00225006
0.7      0.0183676    -0.00318717     0.00301772
0.71      0.0163855    -0.00232136     0.00512115
0.72      0.0145271    -0.00113018     0.00802819
0.73      0.0128032    0.000397485      0.0110057
0.74      0.0112188      0.0022012      0.0133796
0.75     0.00976946      0.0041595      0.0147077
0.76     0.00852796     0.00602833      0.0149151
0.77     0.00750114     0.00754277      0.0141482
0.78     0.00656258     0.00865967      0.0125751
0.79     0.00565453     0.00939595      0.0103301
0.8     0.00484595     0.00976086     0.00771126
0.81     0.00418216     0.00988972     0.00513479
0.82     0.00362487     0.00997801     0.00297054
0.83     0.00315611       0.010141     0.00157556
0.84     0.00280837      0.0104222     0.00123053
0.85     0.00256875      0.0106999     0.00197948
0.86     0.00238432      0.0108134     0.00359708
0.87     0.00225436      0.0107702     0.00566031
0.88      0.0021371       0.010595      0.0077026
0.89     0.00194448      0.0102318     0.00934041
0.9     0.00168956     0.00959982      0.0103338
0.91     0.00140215     0.00872234      0.0105946
0.92     0.00106564     0.00775694      0.0101531
0.93    0.000666135     0.00684308     0.00914839
0.94    0.000232714     0.00601586     0.00777184
0.95   -0.000176212     0.00522798     0.00619955
0.96   -0.000489361     0.00448967      0.0046256
0.97   -0.000640588     0.00389185     0.00324626
0.98    -0.00059126     0.00354214     0.00210423
0.99   -0.000388275     0.00348905     0.00129219
